TN:
SF:src/App.tsx
FN:11,renderPage
FN:26,App
FN:47,(anonymous_2)
FNF:3
FNH:3
FNDA:4,renderPage
FNDA:11,App
FNDA:1,(anonymous_2)
DA:12,4
DA:14,3
DA:16,1
DA:18,0
DA:20,0
DA:22,0
DA:27,11
DA:28,11
DA:30,11
DA:31,5
DA:38,6
DA:39,2
DA:42,4
DA:47,1
LF:14
LH:11
BRDA:12,0,0,3
BRDA:12,0,1,1
BRDA:12,0,2,0
BRDA:12,0,3,0
BRDA:12,0,4,0
BRDA:30,1,0,5
BRDA:30,1,1,6
BRDA:38,2,0,2
BRDA:38,2,1,4
BRF:9
BRH:6
end_of_record
TN:
SF:src/api/client.ts
FN:12,(anonymous_0)
FN:13,(anonymous_1)
FNF:2
FNH:1
FNDA:0,(anonymous_0)
FNDA:2,(anonymous_1)
DA:3,5
DA:11,5
DA:12,0
DA:14,2
DA:15,2
DA:16,2
DA:17,2
DA:18,2
DA:19,1
DA:23,2
LF:10
LH:9
BRDA:14,0,0,2
BRDA:14,0,1,0
BRDA:14,1,0,2
BRDA:14,1,1,2
BRDA:15,2,0,2
BRDA:15,2,1,0
BRDA:16,3,0,2
BRDA:16,3,1,0
BRDA:18,4,0,1
BRDA:18,4,1,1
BRF:10
BRH:7
end_of_record
TN:
SF:src/api/endpoints.ts
FN:6,login
FN:17,logout
FN:24,getAccounts
FN:29,freezeAccount
FN:38,unfreezeAccount
FN:49,getAuditLogs
FN:65,getMaintenanceStatus
FN:71,enableMaintenance
FN:82,disableMaintenance
FNF:9
FNH:9
FNDA:1,login
FNDA:1,logout
FNDA:1,getAccounts
FNDA:1,freezeAccount
FNDA:1,unfreezeAccount
FNDA:2,getAuditLogs
FNDA:1,getMaintenanceStatus
FNDA:2,enableMaintenance
FNDA:1,disableMaintenance
DA:10,1
DA:14,1
DA:18,1
DA:19,1
DA:25,1
DA:26,1
DA:32,1
DA:35,1
DA:41,1
DA:44,1
DA:53,2
DA:54,2
DA:55,1
DA:57,2
DA:60,2
DA:67,1
DA:68,1
DA:74,2
DA:75,2
DA:79,2
DA:83,1
DA:86,1
LF:22
LH:22
BRDA:50,0,0,2
BRDA:54,1,0,1
BRDA:54,1,1,1
BRDA:74,2,0,1
BRDA:74,2,1,1
BRF:5
BRH:5
end_of_record
TN:
SF:src/api/types.ts
FNF:0
FNH:0
DA:26,2
LF:1
LH:1
BRF:0
BRH:0
end_of_record
TN:
SF:src/components/layout/AppLayout.tsx
FN:20,AppLayout
FNF:1
FNH:1
FNDA:10,AppLayout
DA:5,2
DA:27,10
DA:29,10
LF:3
LH:3
BRDA:27,0,0,10
BRDA:27,0,1,0
BRF:2
BRH:1
end_of_record
TN:
SF:src/components/layout/Sidebar.tsx
FN:13,Sidebar
FN:18,(anonymous_1)
FN:22,(anonymous_2)
FNF:3
FNH:3
FNDA:10,Sidebar
FNDA:40,(anonymous_1)
FNDA:2,(anonymous_2)
DA:6,2
DA:14,10
DA:19,40
DA:22,2
LF:4
LH:4
BRDA:21,0,0,10
BRDA:21,0,1,30
BRDA:23,1,0,10
BRDA:23,1,1,30
BRF:4
BRH:4
end_of_record
TN:
SF:src/components/layout/TopBar.tsx
FN:7,TopBar
FNF:1
FNH:1
FNDA:10,TopBar
DA:8,10
LF:1
LH:1
BRDA:12,0,0,10
BRDA:12,0,1,10
BRF:2
BRH:2
end_of_record
TN:
SF:src/components/pages/AccountsPage.tsx
FN:9,AccountsPage
FN:10,(anonymous_1)
FN:14,(anonymous_2)
FN:24,(anonymous_3)
FN:38,(anonymous_4)
FN:43,(anonymous_5)
FN:48,(anonymous_6)
FN:53,(anonymous_7)
FN:58,(anonymous_8)
FN:63,(anonymous_9)
FN:69,(anonymous_10)
FN:80,(anonymous_11)
FN:100,(anonymous_12)
FNF:13
FNH:13
FNDA:20,AccountsPage
FNDA:10,(anonymous_1)
FNDA:1,(anonymous_2)
FNDA:1,(anonymous_3)
FNDA:34,(anonymous_4)
FNDA:34,(anonymous_5)
FNDA:34,(anonymous_6)
FNDA:34,(anonymous_7)
FNDA:34,(anonymous_8)
FNDA:34,(anonymous_9)
FNDA:1,(anonymous_10)
FNDA:1,(anonymous_11)
FNDA:34,(anonymous_12)
DA:10,20
DA:11,20
DA:12,20
DA:14,20
DA:15,1
DA:16,1
DA:17,1
DA:18,1
DA:20,1
DA:24,20
DA:25,1
DA:26,1
DA:27,1
DA:28,1
DA:30,1
DA:34,20
DA:38,34
DA:43,34
DA:48,34
DA:53,34
DA:58,34
DA:64,34
DA:65,34
DA:66,12
DA:69,1
DA:76,22
DA:77,11
DA:80,1
DA:87,11
DA:92,20
DA:93,12
DA:95,12
DA:100,34
LF:33
LH:33
BRDA:65,0,0,12
BRDA:65,0,1,22
BRDA:72,1,0,1
BRDA:72,1,1,11
BRDA:76,2,0,11
BRDA:76,2,1,11
BRDA:83,3,0,1
BRDA:83,3,1,10
BRDA:92,4,0,8
BRDA:92,4,1,12
BRDA:92,5,0,20
BRDA:92,5,1,12
BRDA:93,6,0,0
BRDA:93,6,1,12
BRF:14
BRH:13
end_of_record
TN:
SF:src/components/pages/AuditLogsPage.tsx
FN:9,AuditLogsPage
FN:14,(anonymous_1)
FN:25,(anonymous_2)
FN:33,(anonymous_3)
FN:40,(anonymous_4)
FN:46,(anonymous_5)
FN:53,(anonymous_6)
FN:73,(anonymous_7)
FN:76,(anonymous_8)
FN:87,(anonymous_9)
FN:98,(anonymous_10)
FNF:11
FNH:10
FNDA:20,AuditLogsPage
FNDA:9,(anonymous_1)
FNDA:16,(anonymous_2)
FNDA:16,(anonymous_3)
FNDA:16,(anonymous_4)
FNDA:16,(anonymous_5)
FNDA:2,(anonymous_6)
FNDA:1,(anonymous_7)
FNDA:216,(anonymous_8)
FNDA:0,(anonymous_9)
FNDA:16,(anonymous_10)
DA:10,20
DA:11,20
DA:13,20
DA:14,9
DA:17,20
DA:19,20
DA:21,20
DA:26,16
DA:27,16
DA:34,16
DA:41,16
DA:47,16
DA:48,16
DA:49,16
DA:50,3
DA:53,2
DA:62,20
DA:63,12
DA:65,12
DA:73,1
DA:77,216
DA:87,0
DA:98,16
LF:23
LH:22
BRDA:14,0,0,9
BRDA:14,0,1,8
BRDA:41,1,0,12
BRDA:41,1,1,4
BRDA:49,2,0,13
BRDA:49,2,1,3
BRDA:53,3,0,1
BRDA:53,3,1,1
BRDA:55,4,0,1
BRDA:55,4,1,2
BRDA:62,5,0,8
BRDA:62,5,1,12
BRDA:62,6,0,20
BRDA:62,6,1,8
BRDA:63,7,0,0
BRDA:63,7,1,12
BRDA:97,8,0,12
BRDA:97,8,1,0
BRF:18
BRH:16
end_of_record
TN:
SF:src/components/pages/DashboardPage.tsx
FN:14,fetchDashboardData
FN:27,(anonymous_1)
FN:35,(anonymous_2)
FN:40,(anonymous_3)
FN:47,DashboardPage
FN:55,(anonymous_5)
FN:58,(anonymous_6)
FN:79,(anonymous_7)
FNF:8
FNH:8
FNDA:8,fetchDashboardData
FNDA:2,(anonymous_1)
FNDA:2,(anonymous_2)
FNDA:2,(anonymous_3)
FNDA:15,DashboardPage
FNDA:6,(anonymous_5)
FNDA:6,(anonymous_6)
FNDA:2,(anonymous_7)
DA:15,8
DA:20,6
DA:23,2
DA:28,2
DA:29,2
DA:35,2
DA:41,2
DA:42,2
DA:48,15
DA:50,15
DA:51,14
DA:53,6
DA:54,6
DA:55,6
DA:57,6
DA:58,6
DA:60,6
DA:62,15
DA:79,2
LF:19
LH:19
BRDA:42,0,0,0
BRDA:42,0,1,2
BRDA:50,1,0,1
BRDA:50,1,1,14
BRDA:51,2,0,8
BRDA:51,2,1,6
BRDA:51,3,0,14
BRDA:51,3,1,6
BRDA:60,4,0,1
BRDA:60,4,1,5
BRDA:71,5,0,1
BRDA:71,5,1,5
BRF:12
BRH:11
end_of_record
TN:
SF:src/components/pages/LoginPage.tsx
FN:7,LoginPage
FN:13,(anonymous_1)
FN:32,(anonymous_2)
FN:46,(anonymous_3)
FN:61,(anonymous_4)
FNF:5
FNH:5
FNDA:58,LoginPage
FNDA:4,(anonymous_1)
FNDA:4,(anonymous_2)
FNDA:21,(anonymous_3)
FNDA:22,(anonymous_4)
DA:8,58
DA:9,58
DA:10,58
DA:11,58
DA:13,58
DA:14,4
DA:15,4
DA:16,4
DA:17,4
DA:18,4
DA:20,2
DA:22,3
DA:26,58
DA:28,58
DA:32,4
DA:47,21
DA:48,21
DA:62,22
DA:63,22
LF:19
LH:19
BRDA:26,0,0,58
BRDA:26,0,1,50
BRDA:26,0,2,30
BRDA:33,1,0,58
BRDA:33,1,1,2
BRDA:73,2,0,4
BRDA:73,2,1,54
BRF:7
BRH:7
end_of_record
TN:
SF:src/components/pages/MaintenancePage.tsx
FN:6,MaintenancePage
FN:7,(anonymous_1)
FN:12,(anonymous_2)
FN:23,(anonymous_3)
FN:63,(anonymous_4)
FN:68,(anonymous_5)
FN:84,(anonymous_6)
FNF:7
FNH:7
FNDA:32,MaintenancePage
FNDA:9,(anonymous_1)
FNDA:2,(anonymous_2)
FNDA:1,(anonymous_3)
FNDA:14,(anonymous_4)
FNDA:2,(anonymous_5)
FNDA:1,(anonymous_6)
DA:7,32
DA:8,32
DA:9,32
DA:10,32
DA:12,32
DA:13,2
DA:14,2
DA:15,2
DA:16,2
DA:17,2
DA:19,2
DA:23,32
DA:24,1
DA:25,1
DA:26,1
DA:27,1
DA:29,1
DA:33,32
DA:34,26
DA:36,26
DA:63,14
DA:68,2
DA:84,1
LF:23
LH:23
BRDA:15,0,0,2
BRDA:15,0,1,1
BRDA:33,1,0,6
BRDA:33,1,1,26
BRDA:33,2,0,32
BRDA:33,2,1,26
BRDA:34,3,0,0
BRDA:34,3,1,26
BRDA:40,4,0,5
BRDA:40,4,1,21
BRDA:46,5,0,5
BRDA:46,5,1,21
BRDA:50,6,0,32
BRDA:50,6,1,5
BRDA:50,6,2,4
BRDA:56,7,0,32
BRDA:56,7,1,21
BRDA:71,8,0,2
BRDA:71,8,1,19
BRDA:80,9,0,32
BRDA:80,9,1,5
BRDA:87,10,0,1
BRDA:87,10,1,4
BRF:23
BRH:22
end_of_record
TN:
SF:src/components/shared/DataTable.tsx
FN:16,DataTable
FN:27,(anonymous_1)
FN:40,(anonymous_2)
FN:42,(anonymous_3)
FNF:4
FNH:4
FNDA:32,DataTable
FNDA:140,(anonymous_1)
FNDA:54,(anonymous_2)
FNDA:278,(anonymous_3)
DA:22,32
DA:28,140
DA:41,54
DA:43,278
LF:4
LH:4
BRDA:20,0,0,32
BRDA:33,1,0,7
BRDA:33,1,1,25
BRF:3
BRH:3
end_of_record
TN:
SF:src/components/shared/LoadingSpinner.tsx
FN:1,LoadingSpinner
FNF:1
FNH:1
FNDA:36,LoadingSpinner
DA:2,36
LF:1
LH:1
BRF:0
BRH:0
end_of_record
TN:
SF:src/components/shared/StatsCard.tsx
FN:7,StatsCard
FNF:1
FNH:1
FNDA:27,StatsCard
DA:8,27
LF:1
LH:1
BRDA:7,0,0,27
BRF:1
BRH:1
end_of_record
TN:
SF:src/components/shared/StatusBadge.tsx
FN:11,StatusBadge
FNF:1
FNH:1
FNDA:37,StatusBadge
DA:5,3
DA:12,37
DA:13,37
LF:3
LH:3
BRDA:12,0,0,37
BRDA:12,0,1,0
BRF:2
BRH:1
end_of_record
TN:
SF:src/hooks/useAuth.ts
FN:16,useAuth
FN:24,(anonymous_1)
FN:44,(anonymous_2)
FN:48,(anonymous_3)
FN:49,(anonymous_4)
FN:59,(anonymous_5)
FN:64,(anonymous_6)
FN:65,(anonymous_7)
FN:88,(anonymous_8)
FNF:9
FNH:9
FNDA:28,useAuth
FNDA:12,(anonymous_1)
FNDA:12,(anonymous_2)
FNDA:12,(anonymous_3)
FNDA:1,(anonymous_4)
FNDA:12,(anonymous_5)
FNDA:2,(anonymous_6)
FNDA:2,(anonymous_7)
FNDA:2,(anonymous_8)
DA:17,28
DA:24,28
DA:25,12
DA:26,12
DA:27,6
DA:28,6
DA:35,4
DA:44,28
DA:45,12
DA:48,28
DA:49,12
DA:50,1
DA:51,1
DA:58,12
DA:59,12
DA:60,12
DA:64,28
DA:65,2
DA:66,2
DA:67,2
DA:68,1
DA:69,1
DA:77,1
DA:78,1
DA:84,1
DA:88,28
DA:89,2
DA:90,2
DA:92,2
DA:93,2
DA:102,28
LF:31
LH:31
BRDA:77,0,0,1
BRDA:77,0,1,0
BRF:2
BRH:1
end_of_record
TN:
SF:src/hooks/usePolling.ts
FN:10,usePolling
FN:21,(anonymous_1)
FN:35,(anonymous_2)
FN:37,(anonymous_3)
FN:38,(anonymous_4)
FN:47,(anonymous_5)
FNF:6
FNH:6
FNDA:98,usePolling
FNDA:42,(anonymous_1)
FNDA:35,(anonymous_2)
FNDA:1,(anonymous_3)
FNDA:35,(anonymous_4)
FNDA:36,(anonymous_5)
DA:14,98
DA:15,98
DA:16,98
DA:17,98
DA:18,98
DA:19,98
DA:21,98
DA:22,42
DA:23,42
DA:24,38
DA:25,38
DA:27,3
DA:28,3
DA:30,41
DA:35,98
DA:36,35
DA:37,35
DA:38,35
DA:39,35
DA:40,35
DA:46,98
DA:47,98
DA:48,36
DA:49,1
DA:50,1
DA:54,98
LF:26
LH:26
BRDA:12,0,0,98
BRDA:27,1,0,2
BRDA:27,1,1,1
BRDA:39,2,0,35
BRDA:39,2,1,0
BRDA:48,3,0,1
BRDA:48,3,1,35
BRF:7
BRH:6
end_of_record
